mode: set
github.com/gogazub/myapp/cmd/main.go:24.13,26.16 2 0
github.com/gogazub/myapp/cmd/main.go:26.16,29.3 2 0
github.com/gogazub/myapp/cmd/main.go:31.2,32.12 2 0
github.com/gogazub/myapp/cmd/main.go:32.12,33.48 1 0
github.com/gogazub/myapp/cmd/main.go:33.48,35.4 1 0
github.com/gogazub/myapp/cmd/main.go:37.2,37.12 1 0
github.com/gogazub/myapp/cmd/main.go:37.12,38.46 1 0
github.com/gogazub/myapp/cmd/main.go:38.46,40.4 1 0
github.com/gogazub/myapp/cmd/main.go:43.2,43.9 1 0
github.com/gogazub/myapp/cmd/main.go:44.22,45.95 1 0
github.com/gogazub/myapp/cmd/main.go:45.95,46.9 1 0
github.com/gogazub/myapp/cmd/main.go:48.3,49.13 2 0
github.com/gogazub/myapp/cmd/main.go:53.10,57.45 4 0
github.com/gogazub/myapp/cmd/main.go:63.48,86.2 7 0
github.com/gogazub/myapp/cmd/main.go:89.46,92.40 2 0
github.com/gogazub/myapp/cmd/main.go:92.40,94.3 1 0
github.com/gogazub/myapp/cmd/main.go:96.2,97.19 2 0
github.com/gogazub/myapp/cmd/main.go:97.19,99.3 1 0
github.com/gogazub/myapp/cmd/main.go:103.2,104.43 2 0
github.com/gogazub/myapp/cmd/main.go:104.43,106.3 1 0
github.com/gogazub/myapp/cmd/main.go:107.2,107.12 1 0
github.com/gogazub/myapp/cmd/main.go:111.37,113.16 2 0
github.com/gogazub/myapp/cmd/main.go:113.16,115.3 1 0
github.com/gogazub/myapp/cmd/main.go:117.2,128.16 9 0
github.com/gogazub/myapp/cmd/main.go:128.16,130.3 1 0
github.com/gogazub/myapp/cmd/main.go:132.2,132.34 1 0
github.com/gogazub/myapp/cmd/main.go:132.34,134.3 1 0
github.com/gogazub/myapp/cmd/main.go:136.2,136.16 1 0
github.com/gogazub/myapp/cmd/main.go:140.44,142.16 2 0
github.com/gogazub/myapp/cmd/main.go:142.16,144.3 1 0
github.com/gogazub/myapp/cmd/main.go:146.2,150.16 4 0
github.com/gogazub/myapp/cmd/main.go:150.16,152.3 1 0
github.com/gogazub/myapp/cmd/main.go:154.2,155.21 2 0
github.com/gogazub/myapp/internal/consumer/consumer.go:45.66,52.2 1 0
github.com/gogazub/myapp/internal/consumer/consumer.go:55.53,57.6 1 0
github.com/gogazub/myapp/internal/consumer/consumer.go:57.6,58.10 1 0
github.com/gogazub/myapp/internal/consumer/consumer.go:59.21,60.38 1 0
github.com/gogazub/myapp/internal/consumer/consumer.go:61.11,63.18 2 0
github.com/gogazub/myapp/internal/consumer/consumer.go:63.18,65.13 2 0
github.com/gogazub/myapp/internal/consumer/consumer.go:68.4,68.53 1 0
github.com/gogazub/myapp/internal/consumer/consumer.go:68.53,70.5 1 0
github.com/gogazub/myapp/internal/consumer/consumer.go:76.81,81.47 4 0
github.com/gogazub/myapp/internal/consumer/consumer.go:81.47,83.3 1 0
github.com/gogazub/myapp/internal/consumer/consumer.go:87.2,87.49 1 0
github.com/gogazub/myapp/internal/consumer/consumer.go:87.49,89.3 1 0
github.com/gogazub/myapp/internal/consumer/consumer.go:91.2,91.57 1 0
github.com/gogazub/myapp/internal/consumer/consumer.go:91.57,93.3 1 0
github.com/gogazub/myapp/internal/consumer/consumer.go:95.2,95.12 1 0
github.com/gogazub/myapp/internal/consumer/consumer.go:99.34,101.2 1 0
github.com/gogazub/myapp/internal/consumer/consumer.go:104.85,106.2 1 0
github.com/gogazub/myapp/internal/consumer/consumer.go:108.55,110.2 1 0
github.com/gogazub/myapp/internal/service/service.go:25.88,30.2 1 0
github.com/gogazub/myapp/internal/service/service.go:33.76,34.52 1 0
github.com/gogazub/myapp/internal/service/service.go:34.52,36.3 1 0
github.com/gogazub/myapp/internal/service/service.go:37.2,37.53 1 0
github.com/gogazub/myapp/internal/service/service.go:37.53,39.3 1 0
github.com/gogazub/myapp/internal/service/service.go:40.2,40.12 1 0
github.com/gogazub/myapp/internal/service/service.go:44.86,46.16 2 0
github.com/gogazub/myapp/internal/service/service.go:46.16,48.3 1 0
github.com/gogazub/myapp/internal/service/service.go:49.2,50.16 2 0
github.com/gogazub/myapp/internal/service/service.go:50.16,51.19 1 0
github.com/gogazub/myapp/internal/service/service.go:51.19,53.18 2 0
github.com/gogazub/myapp/internal/service/service.go:53.18,55.5 1 0
github.com/gogazub/myapp/internal/service/service.go:58.2,58.19 1 0
github.com/gogazub/myapp/internal/model/order.go:87.37,89.29 2 0
github.com/gogazub/myapp/internal/model/order.go:89.29,91.3 1 0
github.com/gogazub/myapp/internal/model/order.go:92.2,101.3 1 0
github.com/gogazub/myapp/internal/model/order.go:104.36,105.14 1 0
github.com/gogazub/myapp/internal/model/order.go:105.14,107.3 1 0
github.com/gogazub/myapp/internal/model/order.go:108.2,118.3 1 0
github.com/gogazub/myapp/internal/repository/cache-repository.go:38.44,44.2 2 0
github.com/gogazub/myapp/internal/repository/cache-repository.go:47.68,50.16 2 0
github.com/gogazub/myapp/internal/repository/cache-repository.go:50.16,52.3 1 0
github.com/gogazub/myapp/internal/repository/cache-repository.go:54.2,54.31 1 0
github.com/gogazub/myapp/internal/repository/cache-repository.go:54.31,57.17 2 0
github.com/gogazub/myapp/internal/repository/cache-repository.go:57.17,60.4 1 0
github.com/gogazub/myapp/internal/repository/cache-repository.go:61.3,61.31 1 0
github.com/gogazub/myapp/internal/repository/cache-repository.go:61.31,62.9 1 0
github.com/gogazub/myapp/internal/repository/cache-repository.go:66.2,66.12 1 0
github.com/gogazub/myapp/internal/repository/cache-repository.go:70.79,71.34 1 0
github.com/gogazub/myapp/internal/repository/cache-repository.go:71.34,73.3 1 0
github.com/gogazub/myapp/internal/repository/cache-repository.go:75.2,78.44 3 0
github.com/gogazub/myapp/internal/repository/cache-repository.go:78.44,82.3 2 0
github.com/gogazub/myapp/internal/repository/cache-repository.go:82.8,87.3 2 0
github.com/gogazub/myapp/internal/repository/cache-repository.go:88.2,88.34 1 0
github.com/gogazub/myapp/internal/repository/cache-repository.go:88.34,90.19 2 0
github.com/gogazub/myapp/internal/repository/cache-repository.go:90.19,91.9 1 0
github.com/gogazub/myapp/internal/repository/cache-repository.go:93.3,95.23 3 0
github.com/gogazub/myapp/internal/repository/cache-repository.go:97.2,97.12 1 0
github.com/gogazub/myapp/internal/repository/cache-repository.go:101.89,102.34 1 0
github.com/gogazub/myapp/internal/repository/cache-repository.go:102.34,104.3 1 0
github.com/gogazub/myapp/internal/repository/cache-repository.go:106.2,110.13 4 0
github.com/gogazub/myapp/internal/repository/cache-repository.go:110.13,112.3 1 0
github.com/gogazub/myapp/internal/repository/cache-repository.go:114.2,115.23 2 0
github.com/gogazub/myapp/internal/repository/cache-repository.go:119.79,121.34 1 0
github.com/gogazub/myapp/internal/repository/cache-repository.go:121.34,123.3 1 0
github.com/gogazub/myapp/internal/repository/cache-repository.go:125.2,132.32 5 0
github.com/gogazub/myapp/internal/repository/cache-repository.go:132.32,133.18 1 0
github.com/gogazub/myapp/internal/repository/cache-repository.go:133.18,134.36 1 0
github.com/gogazub/myapp/internal/repository/cache-repository.go:134.36,136.5 1 0
github.com/gogazub/myapp/internal/repository/cache-repository.go:138.3,139.6 2 0
github.com/gogazub/myapp/internal/repository/cache-repository.go:141.2,141.20 1 0
github.com/gogazub/myapp/internal/repository/cache-repository.go:145.38,149.2 3 0
github.com/gogazub/myapp/internal/repository/cache-repository.go:151.70,153.2 1 0
github.com/gogazub/myapp/internal/repository/db-repository.go:26.51,28.2 1 0
github.com/gogazub/myapp/internal/repository/db-repository.go:31.76,34.16 2 0
github.com/gogazub/myapp/internal/repository/db-repository.go:34.16,36.3 1 0
github.com/gogazub/myapp/internal/repository/db-repository.go:38.2,38.15 1 0
github.com/gogazub/myapp/internal/repository/db-repository.go:38.15,42.51 2 0
github.com/gogazub/myapp/internal/repository/db-repository.go:42.51,44.4 1 0
github.com/gogazub/myapp/internal/repository/db-repository.go:47.2,47.47 1 0
github.com/gogazub/myapp/internal/repository/db-repository.go:47.47,49.3 1 0
github.com/gogazub/myapp/internal/repository/db-repository.go:50.2,50.50 1 0
github.com/gogazub/myapp/internal/repository/db-repository.go:50.50,52.3 1 0
github.com/gogazub/myapp/internal/repository/db-repository.go:53.2,53.49 1 0
github.com/gogazub/myapp/internal/repository/db-repository.go:53.49,55.3 1 0
github.com/gogazub/myapp/internal/repository/db-repository.go:56.2,56.47 1 0
github.com/gogazub/myapp/internal/repository/db-repository.go:56.47,58.3 1 0
github.com/gogazub/myapp/internal/repository/db-repository.go:60.2,60.36 1 0
github.com/gogazub/myapp/internal/repository/db-repository.go:60.36,62.3 1 0
github.com/gogazub/myapp/internal/repository/db-repository.go:63.2,63.12 1 0
github.com/gogazub/myapp/internal/repository/db-repository.go:67.86,70.53 2 0
github.com/gogazub/myapp/internal/repository/db-repository.go:70.53,72.3 1 0
github.com/gogazub/myapp/internal/repository/db-repository.go:73.2,73.52 1 0
github.com/gogazub/myapp/internal/repository/db-repository.go:73.52,75.3 1 0
github.com/gogazub/myapp/internal/repository/db-repository.go:76.2,76.51 1 0
github.com/gogazub/myapp/internal/repository/db-repository.go:76.51,78.3 1 0
github.com/gogazub/myapp/internal/repository/db-repository.go:79.2,79.49 1 0
github.com/gogazub/myapp/internal/repository/db-repository.go:79.49,81.3 1 0
github.com/gogazub/myapp/internal/repository/db-repository.go:82.2,82.34 1 0
github.com/gogazub/myapp/internal/repository/db-repository.go:82.34,84.3 1 0
github.com/gogazub/myapp/internal/repository/db-repository.go:86.2,86.20 1 0
github.com/gogazub/myapp/internal/repository/db-repository.go:90.76,92.16 2 0
github.com/gogazub/myapp/internal/repository/db-repository.go:92.16,94.3 1 0
github.com/gogazub/myapp/internal/repository/db-repository.go:95.2,95.15 1 0
github.com/gogazub/myapp/internal/repository/db-repository.go:95.15,97.17 2 0
github.com/gogazub/myapp/internal/repository/db-repository.go:97.17,99.4 1 0
github.com/gogazub/myapp/internal/repository/db-repository.go:102.2,104.18 2 0
github.com/gogazub/myapp/internal/repository/db-repository.go:104.18,106.40 2 0
github.com/gogazub/myapp/internal/repository/db-repository.go:106.40,108.4 1 0
github.com/gogazub/myapp/internal/repository/db-repository.go:111.3,112.17 2 0
github.com/gogazub/myapp/internal/repository/db-repository.go:112.17,114.4 1 0
github.com/gogazub/myapp/internal/repository/db-repository.go:116.3,116.33 1 0
github.com/gogazub/myapp/internal/repository/db-repository.go:119.2,119.35 1 0
github.com/gogazub/myapp/internal/repository/db-repository.go:119.35,121.3 1 0
github.com/gogazub/myapp/internal/repository/db-repository.go:122.2,122.20 1 0
github.com/gogazub/myapp/internal/repository/db-repository.go:129.68,149.16 2 0
github.com/gogazub/myapp/internal/repository/db-repository.go:149.16,151.3 1 0
github.com/gogazub/myapp/internal/repository/db-repository.go:152.2,152.12 1 0
github.com/gogazub/myapp/internal/repository/db-repository.go:155.88,163.2 1 0
github.com/gogazub/myapp/internal/repository/db-repository.go:169.71,184.16 2 0
github.com/gogazub/myapp/internal/repository/db-repository.go:184.16,186.3 1 0
github.com/gogazub/myapp/internal/repository/db-repository.go:187.2,187.12 1 0
github.com/gogazub/myapp/internal/repository/db-repository.go:190.80,197.2 1 0
github.com/gogazub/myapp/internal/repository/db-repository.go:203.70,223.16 2 0
github.com/gogazub/myapp/internal/repository/db-repository.go:223.16,225.3 1 0
github.com/gogazub/myapp/internal/repository/db-repository.go:226.2,226.12 1 0
github.com/gogazub/myapp/internal/repository/db-repository.go:229.79,238.2 1 0
github.com/gogazub/myapp/internal/repository/db-repository.go:244.68,246.16 2 0
github.com/gogazub/myapp/internal/repository/db-repository.go:246.16,248.3 1 0
github.com/gogazub/myapp/internal/repository/db-repository.go:250.2,250.29 1 0
github.com/gogazub/myapp/internal/repository/db-repository.go:250.29,257.17 2 0
github.com/gogazub/myapp/internal/repository/db-repository.go:257.17,259.4 1 0
github.com/gogazub/myapp/internal/repository/db-repository.go:261.2,261.12 1 0
github.com/gogazub/myapp/internal/repository/db-repository.go:264.77,270.16 2 0
github.com/gogazub/myapp/internal/repository/db-repository.go:270.16,272.3 1 0
github.com/gogazub/myapp/internal/repository/db-repository.go:273.2,273.15 1 0
github.com/gogazub/myapp/internal/repository/db-repository.go:273.15,275.17 2 0
github.com/gogazub/myapp/internal/repository/db-repository.go:275.17,277.4 1 0
github.com/gogazub/myapp/internal/repository/db-repository.go:280.2,280.18 1 0
github.com/gogazub/myapp/internal/repository/db-repository.go:280.18,283.104 2 0
github.com/gogazub/myapp/internal/repository/db-repository.go:283.104,285.4 1 0
github.com/gogazub/myapp/internal/repository/db-repository.go:286.3,286.32 1 0
github.com/gogazub/myapp/internal/repository/db-repository.go:288.2,288.12 1 0
github.com/gogazub/myapp/cmd/main.go:24.13,26.16 2 0
github.com/gogazub/myapp/cmd/main.go:26.16,29.3 2 0
github.com/gogazub/myapp/cmd/main.go:31.2,32.12 2 0
github.com/gogazub/myapp/cmd/main.go:32.12,33.48 1 0
github.com/gogazub/myapp/cmd/main.go:33.48,35.4 1 0
github.com/gogazub/myapp/cmd/main.go:37.2,37.12 1 0
github.com/gogazub/myapp/cmd/main.go:37.12,38.46 1 0
github.com/gogazub/myapp/cmd/main.go:38.46,40.4 1 0
github.com/gogazub/myapp/cmd/main.go:43.2,43.9 1 0
github.com/gogazub/myapp/cmd/main.go:44.22,45.95 1 0
github.com/gogazub/myapp/cmd/main.go:45.95,46.9 1 0
github.com/gogazub/myapp/cmd/main.go:48.3,49.13 2 0
github.com/gogazub/myapp/cmd/main.go:53.10,57.45 4 0
github.com/gogazub/myapp/cmd/main.go:63.48,86.2 7 0
github.com/gogazub/myapp/cmd/main.go:89.46,92.40 2 0
github.com/gogazub/myapp/cmd/main.go:92.40,94.3 1 0
github.com/gogazub/myapp/cmd/main.go:96.2,97.19 2 0
github.com/gogazub/myapp/cmd/main.go:97.19,99.3 1 0
github.com/gogazub/myapp/cmd/main.go:103.2,104.43 2 0
github.com/gogazub/myapp/cmd/main.go:104.43,106.3 1 0
github.com/gogazub/myapp/cmd/main.go:107.2,107.12 1 0
github.com/gogazub/myapp/cmd/main.go:111.37,113.16 2 0
github.com/gogazub/myapp/cmd/main.go:113.16,115.3 1 0
github.com/gogazub/myapp/cmd/main.go:117.2,128.16 9 0
github.com/gogazub/myapp/cmd/main.go:128.16,130.3 1 0
github.com/gogazub/myapp/cmd/main.go:132.2,132.34 1 0
github.com/gogazub/myapp/cmd/main.go:132.34,134.3 1 0
github.com/gogazub/myapp/cmd/main.go:136.2,136.16 1 0
github.com/gogazub/myapp/cmd/main.go:140.44,142.16 2 0
github.com/gogazub/myapp/cmd/main.go:142.16,144.3 1 0
github.com/gogazub/myapp/cmd/main.go:146.2,150.16 4 0
github.com/gogazub/myapp/cmd/main.go:150.16,152.3 1 0
github.com/gogazub/myapp/cmd/main.go:154.2,155.21 2 0
github.com/gogazub/myapp/internal/api/server.go:25.46,29.2 1 1
github.com/gogazub/myapp/internal/api/server.go:34.53,36.2 1 1
github.com/gogazub/myapp/internal/api/server.go:39.46,46.2 4 0
github.com/gogazub/myapp/internal/api/server.go:49.77,58.16 6 1
github.com/gogazub/myapp/internal/api/server.go:58.16,64.3 3 1
github.com/gogazub/myapp/internal/api/server.go:66.2,68.57 3 1
github.com/gogazub/myapp/internal/api/server.go:68.57,71.3 2 0
github.com/gogazub/myapp/internal/consumer/consumer.go:45.66,52.2 1 0
github.com/gogazub/myapp/internal/consumer/consumer.go:55.53,57.6 1 0
github.com/gogazub/myapp/internal/consumer/consumer.go:57.6,58.10 1 0
github.com/gogazub/myapp/internal/consumer/consumer.go:59.21,60.38 1 0
github.com/gogazub/myapp/internal/consumer/consumer.go:61.11,63.18 2 0
github.com/gogazub/myapp/internal/consumer/consumer.go:63.18,65.13 2 0
github.com/gogazub/myapp/internal/consumer/consumer.go:68.4,68.53 1 0
github.com/gogazub/myapp/internal/consumer/consumer.go:68.53,70.5 1 0
github.com/gogazub/myapp/internal/consumer/consumer.go:76.81,81.47 4 0
github.com/gogazub/myapp/internal/consumer/consumer.go:81.47,83.3 1 0
github.com/gogazub/myapp/internal/consumer/consumer.go:87.2,87.49 1 0
github.com/gogazub/myapp/internal/consumer/consumer.go:87.49,89.3 1 0
github.com/gogazub/myapp/internal/consumer/consumer.go:91.2,91.57 1 0
github.com/gogazub/myapp/internal/consumer/consumer.go:91.57,93.3 1 0
github.com/gogazub/myapp/internal/consumer/consumer.go:95.2,95.12 1 0
github.com/gogazub/myapp/internal/consumer/consumer.go:99.34,101.2 1 0
github.com/gogazub/myapp/internal/consumer/consumer.go:104.85,106.2 1 0
github.com/gogazub/myapp/internal/consumer/consumer.go:108.55,110.2 1 0
github.com/gogazub/myapp/internal/model/order.go:87.37,89.29 2 0
github.com/gogazub/myapp/internal/model/order.go:89.29,91.3 1 0
github.com/gogazub/myapp/internal/model/order.go:92.2,101.3 1 0
github.com/gogazub/myapp/internal/model/order.go:104.36,105.14 1 0
github.com/gogazub/myapp/internal/model/order.go:105.14,107.3 1 0
github.com/gogazub/myapp/internal/model/order.go:108.2,118.3 1 0
github.com/gogazub/myapp/internal/repository/cache-repository.go:38.44,44.2 2 0
github.com/gogazub/myapp/internal/repository/cache-repository.go:47.68,50.16 2 0
github.com/gogazub/myapp/internal/repository/cache-repository.go:50.16,52.3 1 0
github.com/gogazub/myapp/internal/repository/cache-repository.go:54.2,54.31 1 0
github.com/gogazub/myapp/internal/repository/cache-repository.go:54.31,57.17 2 0
github.com/gogazub/myapp/internal/repository/cache-repository.go:57.17,60.4 1 0
github.com/gogazub/myapp/internal/repository/cache-repository.go:61.3,61.31 1 0
github.com/gogazub/myapp/internal/repository/cache-repository.go:61.31,62.9 1 0
github.com/gogazub/myapp/internal/repository/cache-repository.go:66.2,66.12 1 0
github.com/gogazub/myapp/internal/repository/cache-repository.go:70.79,71.34 1 0
github.com/gogazub/myapp/internal/repository/cache-repository.go:71.34,73.3 1 0
github.com/gogazub/myapp/internal/repository/cache-repository.go:75.2,78.44 3 0
github.com/gogazub/myapp/internal/repository/cache-repository.go:78.44,82.3 2 0
github.com/gogazub/myapp/internal/repository/cache-repository.go:82.8,87.3 2 0
github.com/gogazub/myapp/internal/repository/cache-repository.go:88.2,88.34 1 0
github.com/gogazub/myapp/internal/repository/cache-repository.go:88.34,90.19 2 0
github.com/gogazub/myapp/internal/repository/cache-repository.go:90.19,91.9 1 0
github.com/gogazub/myapp/internal/repository/cache-repository.go:93.3,95.23 3 0
github.com/gogazub/myapp/internal/repository/cache-repository.go:97.2,97.12 1 0
github.com/gogazub/myapp/internal/repository/cache-repository.go:101.89,102.34 1 0
github.com/gogazub/myapp/internal/repository/cache-repository.go:102.34,104.3 1 0
github.com/gogazub/myapp/internal/repository/cache-repository.go:106.2,110.13 4 0
github.com/gogazub/myapp/internal/repository/cache-repository.go:110.13,112.3 1 0
github.com/gogazub/myapp/internal/repository/cache-repository.go:114.2,115.23 2 0
github.com/gogazub/myapp/internal/repository/cache-repository.go:119.79,121.34 1 0
github.com/gogazub/myapp/internal/repository/cache-repository.go:121.34,123.3 1 0
github.com/gogazub/myapp/internal/repository/cache-repository.go:125.2,132.32 5 0
github.com/gogazub/myapp/internal/repository/cache-repository.go:132.32,133.18 1 0
github.com/gogazub/myapp/internal/repository/cache-repository.go:133.18,134.36 1 0
github.com/gogazub/myapp/internal/repository/cache-repository.go:134.36,136.5 1 0
github.com/gogazub/myapp/internal/repository/cache-repository.go:138.3,139.6 2 0
github.com/gogazub/myapp/internal/repository/cache-repository.go:141.2,141.20 1 0
github.com/gogazub/myapp/internal/repository/cache-repository.go:145.38,149.2 3 0
github.com/gogazub/myapp/internal/repository/cache-repository.go:151.70,153.2 1 0
github.com/gogazub/myapp/internal/repository/db-repository.go:26.51,28.2 1 0
github.com/gogazub/myapp/internal/repository/db-repository.go:31.76,34.16 2 0
github.com/gogazub/myapp/internal/repository/db-repository.go:34.16,36.3 1 0
github.com/gogazub/myapp/internal/repository/db-repository.go:38.2,38.15 1 0
github.com/gogazub/myapp/internal/repository/db-repository.go:38.15,42.51 2 0
github.com/gogazub/myapp/internal/repository/db-repository.go:42.51,44.4 1 0
github.com/gogazub/myapp/internal/repository/db-repository.go:47.2,47.47 1 0
github.com/gogazub/myapp/internal/repository/db-repository.go:47.47,49.3 1 0
github.com/gogazub/myapp/internal/repository/db-repository.go:50.2,50.50 1 0
github.com/gogazub/myapp/internal/repository/db-repository.go:50.50,52.3 1 0
github.com/gogazub/myapp/internal/repository/db-repository.go:53.2,53.49 1 0
github.com/gogazub/myapp/internal/repository/db-repository.go:53.49,55.3 1 0
github.com/gogazub/myapp/internal/repository/db-repository.go:56.2,56.47 1 0
github.com/gogazub/myapp/internal/repository/db-repository.go:56.47,58.3 1 0
github.com/gogazub/myapp/internal/repository/db-repository.go:60.2,60.36 1 0
github.com/gogazub/myapp/internal/repository/db-repository.go:60.36,62.3 1 0
github.com/gogazub/myapp/internal/repository/db-repository.go:63.2,63.12 1 0
github.com/gogazub/myapp/internal/repository/db-repository.go:67.86,70.53 2 0
github.com/gogazub/myapp/internal/repository/db-repository.go:70.53,72.3 1 0
github.com/gogazub/myapp/internal/repository/db-repository.go:73.2,73.52 1 0
github.com/gogazub/myapp/internal/repository/db-repository.go:73.52,75.3 1 0
github.com/gogazub/myapp/internal/repository/db-repository.go:76.2,76.51 1 0
github.com/gogazub/myapp/internal/repository/db-repository.go:76.51,78.3 1 0
github.com/gogazub/myapp/internal/repository/db-repository.go:79.2,79.49 1 0
github.com/gogazub/myapp/internal/repository/db-repository.go:79.49,81.3 1 0
github.com/gogazub/myapp/internal/repository/db-repository.go:82.2,82.34 1 0
github.com/gogazub/myapp/internal/repository/db-repository.go:82.34,84.3 1 0
github.com/gogazub/myapp/internal/repository/db-repository.go:86.2,86.20 1 0
github.com/gogazub/myapp/internal/repository/db-repository.go:90.76,92.16 2 0
github.com/gogazub/myapp/internal/repository/db-repository.go:92.16,94.3 1 0
github.com/gogazub/myapp/internal/repository/db-repository.go:95.2,95.15 1 0
github.com/gogazub/myapp/internal/repository/db-repository.go:95.15,97.17 2 0
github.com/gogazub/myapp/internal/repository/db-repository.go:97.17,99.4 1 0
github.com/gogazub/myapp/internal/repository/db-repository.go:102.2,104.18 2 0
github.com/gogazub/myapp/internal/repository/db-repository.go:104.18,106.40 2 0
github.com/gogazub/myapp/internal/repository/db-repository.go:106.40,108.4 1 0
github.com/gogazub/myapp/internal/repository/db-repository.go:111.3,112.17 2 0
github.com/gogazub/myapp/internal/repository/db-repository.go:112.17,114.4 1 0
github.com/gogazub/myapp/internal/repository/db-repository.go:116.3,116.33 1 0
github.com/gogazub/myapp/internal/repository/db-repository.go:119.2,119.35 1 0
github.com/gogazub/myapp/internal/repository/db-repository.go:119.35,121.3 1 0
github.com/gogazub/myapp/internal/repository/db-repository.go:122.2,122.20 1 0
github.com/gogazub/myapp/internal/repository/db-repository.go:129.68,149.16 2 0
github.com/gogazub/myapp/internal/repository/db-repository.go:149.16,151.3 1 0
github.com/gogazub/myapp/internal/repository/db-repository.go:152.2,152.12 1 0
github.com/gogazub/myapp/internal/repository/db-repository.go:155.88,163.2 1 0
github.com/gogazub/myapp/internal/repository/db-repository.go:169.71,184.16 2 0
github.com/gogazub/myapp/internal/repository/db-repository.go:184.16,186.3 1 0
github.com/gogazub/myapp/internal/repository/db-repository.go:187.2,187.12 1 0
github.com/gogazub/myapp/internal/repository/db-repository.go:190.80,197.2 1 0
github.com/gogazub/myapp/internal/repository/db-repository.go:203.70,223.16 2 0
github.com/gogazub/myapp/internal/repository/db-repository.go:223.16,225.3 1 0
github.com/gogazub/myapp/internal/repository/db-repository.go:226.2,226.12 1 0
github.com/gogazub/myapp/internal/repository/db-repository.go:229.79,238.2 1 0
github.com/gogazub/myapp/internal/repository/db-repository.go:244.68,246.16 2 0
github.com/gogazub/myapp/internal/repository/db-repository.go:246.16,248.3 1 0
github.com/gogazub/myapp/internal/repository/db-repository.go:250.2,250.29 1 0
github.com/gogazub/myapp/internal/repository/db-repository.go:250.29,257.17 2 0
github.com/gogazub/myapp/internal/repository/db-repository.go:257.17,259.4 1 0
github.com/gogazub/myapp/internal/repository/db-repository.go:261.2,261.12 1 0
github.com/gogazub/myapp/internal/repository/db-repository.go:264.77,270.16 2 0
github.com/gogazub/myapp/internal/repository/db-repository.go:270.16,272.3 1 0
github.com/gogazub/myapp/internal/repository/db-repository.go:273.2,273.15 1 0
github.com/gogazub/myapp/internal/repository/db-repository.go:273.15,275.17 2 0
github.com/gogazub/myapp/internal/repository/db-repository.go:275.17,277.4 1 0
github.com/gogazub/myapp/internal/repository/db-repository.go:280.2,280.18 1 0
github.com/gogazub/myapp/internal/repository/db-repository.go:280.18,283.104 2 0
github.com/gogazub/myapp/internal/repository/db-repository.go:283.104,285.4 1 0
github.com/gogazub/myapp/internal/repository/db-repository.go:286.3,286.32 1 0
github.com/gogazub/myapp/internal/repository/db-repository.go:288.2,288.12 1 0
github.com/gogazub/myapp/internal/service/service.go:25.88,30.2 1 0
github.com/gogazub/myapp/internal/service/service.go:33.76,34.52 1 0
github.com/gogazub/myapp/internal/service/service.go:34.52,36.3 1 0
github.com/gogazub/myapp/internal/service/service.go:37.2,37.53 1 0
github.com/gogazub/myapp/internal/service/service.go:37.53,39.3 1 0
github.com/gogazub/myapp/internal/service/service.go:40.2,40.12 1 0
github.com/gogazub/myapp/internal/service/service.go:44.86,46.16 2 0
github.com/gogazub/myapp/internal/service/service.go:46.16,48.3 1 0
github.com/gogazub/myapp/internal/service/service.go:49.2,50.16 2 0
github.com/gogazub/myapp/internal/service/service.go:50.16,51.19 1 0
github.com/gogazub/myapp/internal/service/service.go:51.19,53.18 2 0
github.com/gogazub/myapp/internal/service/service.go:53.18,55.5 1 0
github.com/gogazub/myapp/internal/service/service.go:58.2,58.19 1 0
github.com/gogazub/myapp/tests/test.go:27.80,30.2 2 0
github.com/gogazub/myapp/tests/test.go:33.90,36.2 2 0
github.com/gogazub/myapp/tests/test.go:46.74,48.2 1 0
github.com/gogazub/myapp/tests/test.go:51.87,53.2 1 0
github.com/gogazub/myapp/tests/test.go:64.76,66.2 1 0
github.com/gogazub/myapp/tests/test.go:69.36,71.2 1 0
github.com/gogazub/myapp/tests/test.go:76.40,78.2 1 1
github.com/gogazub/myapp/tests/test.go:81.45,121.2 2 0
github.com/gogazub/myapp/tests/test.go:123.52,125.27 2 0
github.com/gogazub/myapp/tests/test.go:125.27,127.3 1 0
github.com/gogazub/myapp/tests/test.go:128.2,129.12 2 0
github.com/gogazub/myapp/tests/test.go:133.29,135.12 2 0
github.com/gogazub/myapp/tests/test.go:135.12,137.3 1 0
github.com/gogazub/myapp/tests/test.go:138.2,140.12 3 0
github.com/gogazub/myapp/tests/test.go:140.12,144.3 3 0
github.com/gogazub/myapp/tests/test.go:145.2,145.24 1 0
github.com/gogazub/myapp/tests/test.go:149.43,154.2 4 0
github.com/gogazub/myapp/cmd/main.go:24.13,26.16 2 0
github.com/gogazub/myapp/cmd/main.go:26.16,29.3 2 0
github.com/gogazub/myapp/cmd/main.go:31.2,32.12 2 0
github.com/gogazub/myapp/cmd/main.go:32.12,33.48 1 0
github.com/gogazub/myapp/cmd/main.go:33.48,35.4 1 0
github.com/gogazub/myapp/cmd/main.go:37.2,37.12 1 0
github.com/gogazub/myapp/cmd/main.go:37.12,38.46 1 0
github.com/gogazub/myapp/cmd/main.go:38.46,40.4 1 0
github.com/gogazub/myapp/cmd/main.go:43.2,43.9 1 0
github.com/gogazub/myapp/cmd/main.go:44.22,45.95 1 0
github.com/gogazub/myapp/cmd/main.go:45.95,46.9 1 0
github.com/gogazub/myapp/cmd/main.go:48.3,49.13 2 0
github.com/gogazub/myapp/cmd/main.go:53.10,57.45 4 0
github.com/gogazub/myapp/cmd/main.go:63.48,86.2 7 0
github.com/gogazub/myapp/cmd/main.go:89.46,92.40 2 0
github.com/gogazub/myapp/cmd/main.go:92.40,94.3 1 0
github.com/gogazub/myapp/cmd/main.go:96.2,97.19 2 0
github.com/gogazub/myapp/cmd/main.go:97.19,99.3 1 0
github.com/gogazub/myapp/cmd/main.go:103.2,104.43 2 0
github.com/gogazub/myapp/cmd/main.go:104.43,106.3 1 0
github.com/gogazub/myapp/cmd/main.go:107.2,107.12 1 0
github.com/gogazub/myapp/cmd/main.go:111.37,113.16 2 0
github.com/gogazub/myapp/cmd/main.go:113.16,115.3 1 0
github.com/gogazub/myapp/cmd/main.go:117.2,128.16 9 0
github.com/gogazub/myapp/cmd/main.go:128.16,130.3 1 0
github.com/gogazub/myapp/cmd/main.go:132.2,132.34 1 0
github.com/gogazub/myapp/cmd/main.go:132.34,134.3 1 0
github.com/gogazub/myapp/cmd/main.go:136.2,136.16 1 0
github.com/gogazub/myapp/cmd/main.go:140.44,142.16 2 0
github.com/gogazub/myapp/cmd/main.go:142.16,144.3 1 0
github.com/gogazub/myapp/cmd/main.go:146.2,150.16 4 0
github.com/gogazub/myapp/cmd/main.go:150.16,152.3 1 0
github.com/gogazub/myapp/cmd/main.go:154.2,155.21 2 0
github.com/gogazub/myapp/internal/api/server.go:25.46,29.2 1 0
github.com/gogazub/myapp/internal/api/server.go:34.53,36.2 1 0
github.com/gogazub/myapp/internal/api/server.go:39.46,46.2 4 0
github.com/gogazub/myapp/internal/api/server.go:49.77,58.16 6 0
github.com/gogazub/myapp/internal/api/server.go:58.16,64.3 3 0
github.com/gogazub/myapp/internal/api/server.go:66.2,68.57 3 0
github.com/gogazub/myapp/internal/api/server.go:68.57,71.3 2 0
github.com/gogazub/myapp/internal/consumer/consumer.go:45.66,52.2 1 1
github.com/gogazub/myapp/internal/consumer/consumer.go:55.53,57.6 1 0
github.com/gogazub/myapp/internal/consumer/consumer.go:57.6,58.10 1 0
github.com/gogazub/myapp/internal/consumer/consumer.go:59.21,60.38 1 0
github.com/gogazub/myapp/internal/consumer/consumer.go:61.11,63.18 2 0
github.com/gogazub/myapp/internal/consumer/consumer.go:63.18,65.13 2 0
github.com/gogazub/myapp/internal/consumer/consumer.go:68.4,68.53 1 0
github.com/gogazub/myapp/internal/consumer/consumer.go:68.53,70.5 1 0
github.com/gogazub/myapp/internal/consumer/consumer.go:76.81,81.47 4 1
github.com/gogazub/myapp/internal/consumer/consumer.go:81.47,83.3 1 1
github.com/gogazub/myapp/internal/consumer/consumer.go:87.2,87.49 1 1
github.com/gogazub/myapp/internal/consumer/consumer.go:87.49,89.3 1 1
github.com/gogazub/myapp/internal/consumer/consumer.go:91.2,91.57 1 1
github.com/gogazub/myapp/internal/consumer/consumer.go:91.57,93.3 1 1
github.com/gogazub/myapp/internal/consumer/consumer.go:95.2,95.12 1 1
github.com/gogazub/myapp/internal/consumer/consumer.go:99.34,101.2 1 1
github.com/gogazub/myapp/internal/consumer/consumer.go:104.85,106.2 1 1
github.com/gogazub/myapp/internal/consumer/consumer.go:108.55,110.2 1 0
github.com/gogazub/myapp/internal/model/order.go:87.37,89.29 2 0
github.com/gogazub/myapp/internal/model/order.go:89.29,91.3 1 0
github.com/gogazub/myapp/internal/model/order.go:92.2,101.3 1 0
github.com/gogazub/myapp/internal/model/order.go:104.36,105.14 1 0
github.com/gogazub/myapp/internal/model/order.go:105.14,107.3 1 0
github.com/gogazub/myapp/internal/model/order.go:108.2,118.3 1 0
github.com/gogazub/myapp/internal/repository/cache-repository.go:38.44,44.2 2 1
github.com/gogazub/myapp/internal/repository/cache-repository.go:47.68,50.16 2 0
github.com/gogazub/myapp/internal/repository/cache-repository.go:50.16,52.3 1 0
github.com/gogazub/myapp/internal/repository/cache-repository.go:54.2,54.31 1 0
github.com/gogazub/myapp/internal/repository/cache-repository.go:54.31,57.17 2 0
github.com/gogazub/myapp/internal/repository/cache-repository.go:57.17,60.4 1 0
github.com/gogazub/myapp/internal/repository/cache-repository.go:61.3,61.31 1 0
github.com/gogazub/myapp/internal/repository/cache-repository.go:61.31,62.9 1 0
github.com/gogazub/myapp/internal/repository/cache-repository.go:66.2,66.12 1 0
github.com/gogazub/myapp/internal/repository/cache-repository.go:70.79,71.34 1 1
github.com/gogazub/myapp/internal/repository/cache-repository.go:71.34,73.3 1 0
github.com/gogazub/myapp/internal/repository/cache-repository.go:75.2,78.44 3 1
github.com/gogazub/myapp/internal/repository/cache-repository.go:78.44,82.3 2 1
github.com/gogazub/myapp/internal/repository/cache-repository.go:82.8,87.3 2 1
github.com/gogazub/myapp/internal/repository/cache-repository.go:88.2,88.34 1 1
github.com/gogazub/myapp/internal/repository/cache-repository.go:88.34,90.19 2 1
github.com/gogazub/myapp/internal/repository/cache-repository.go:90.19,91.9 1 0
github.com/gogazub/myapp/internal/repository/cache-repository.go:93.3,95.23 3 1
github.com/gogazub/myapp/internal/repository/cache-repository.go:97.2,97.12 1 1
github.com/gogazub/myapp/internal/repository/cache-repository.go:101.89,102.34 1 1
github.com/gogazub/myapp/internal/repository/cache-repository.go:102.34,104.3 1 1
github.com/gogazub/myapp/internal/repository/cache-repository.go:106.2,110.13 4 1
github.com/gogazub/myapp/internal/repository/cache-repository.go:110.13,112.3 1 1
github.com/gogazub/myapp/internal/repository/cache-repository.go:114.2,115.23 2 1
github.com/gogazub/myapp/internal/repository/cache-repository.go:119.79,121.34 1 1
github.com/gogazub/myapp/internal/repository/cache-repository.go:121.34,123.3 1 1
github.com/gogazub/myapp/internal/repository/cache-repository.go:125.2,132.32 5 1
github.com/gogazub/myapp/internal/repository/cache-repository.go:132.32,133.18 1 1
github.com/gogazub/myapp/internal/repository/cache-repository.go:133.18,134.36 1 1
github.com/gogazub/myapp/internal/repository/cache-repository.go:134.36,136.5 1 0
github.com/gogazub/myapp/internal/repository/cache-repository.go:138.3,139.6 2 1
github.com/gogazub/myapp/internal/repository/cache-repository.go:141.2,141.20 1 1
github.com/gogazub/myapp/internal/repository/cache-repository.go:145.38,149.2 3 1
github.com/gogazub/myapp/internal/repository/cache-repository.go:151.70,153.2 1 0
github.com/gogazub/myapp/internal/repository/db-repository.go:26.51,28.2 1 1
github.com/gogazub/myapp/internal/repository/db-repository.go:31.76,34.16 2 1
github.com/gogazub/myapp/internal/repository/db-repository.go:34.16,36.3 1 0
github.com/gogazub/myapp/internal/repository/db-repository.go:38.2,38.15 1 1
github.com/gogazub/myapp/internal/repository/db-repository.go:38.15,42.51 2 1
github.com/gogazub/myapp/internal/repository/db-repository.go:42.51,44.4 1 0
github.com/gogazub/myapp/internal/repository/db-repository.go:47.2,47.47 1 1
github.com/gogazub/myapp/internal/repository/db-repository.go:47.47,49.3 1 1
github.com/gogazub/myapp/internal/repository/db-repository.go:50.2,50.50 1 1
github.com/gogazub/myapp/internal/repository/db-repository.go:50.50,52.3 1 0
github.com/gogazub/myapp/internal/repository/db-repository.go:53.2,53.49 1 1
github.com/gogazub/myapp/internal/repository/db-repository.go:53.49,55.3 1 0
github.com/gogazub/myapp/internal/repository/db-repository.go:56.2,56.47 1 1
github.com/gogazub/myapp/internal/repository/db-repository.go:56.47,58.3 1 0
github.com/gogazub/myapp/internal/repository/db-repository.go:60.2,60.36 1 1
github.com/gogazub/myapp/internal/repository/db-repository.go:60.36,62.3 1 0
github.com/gogazub/myapp/internal/repository/db-repository.go:63.2,63.12 1 1
github.com/gogazub/myapp/internal/repository/db-repository.go:67.86,70.53 2 1
github.com/gogazub/myapp/internal/repository/db-repository.go:70.53,72.3 1 1
github.com/gogazub/myapp/internal/repository/db-repository.go:73.2,73.52 1 1
github.com/gogazub/myapp/internal/repository/db-repository.go:73.52,75.3 1 0
github.com/gogazub/myapp/internal/repository/db-repository.go:76.2,76.51 1 1
github.com/gogazub/myapp/internal/repository/db-repository.go:76.51,78.3 1 0
github.com/gogazub/myapp/internal/repository/db-repository.go:79.2,79.49 1 1
github.com/gogazub/myapp/internal/repository/db-repository.go:79.49,81.3 1 0
github.com/gogazub/myapp/internal/repository/db-repository.go:82.2,82.34 1 1
github.com/gogazub/myapp/internal/repository/db-repository.go:82.34,84.3 1 0
github.com/gogazub/myapp/internal/repository/db-repository.go:86.2,86.20 1 1
github.com/gogazub/myapp/internal/repository/db-repository.go:90.76,92.16 2 1
github.com/gogazub/myapp/internal/repository/db-repository.go:92.16,94.3 1 1
github.com/gogazub/myapp/internal/repository/db-repository.go:95.2,95.15 1 1
github.com/gogazub/myapp/internal/repository/db-repository.go:95.15,97.17 2 1
github.com/gogazub/myapp/internal/repository/db-repository.go:97.17,99.4 1 0
github.com/gogazub/myapp/internal/repository/db-repository.go:102.2,104.18 2 1
github.com/gogazub/myapp/internal/repository/db-repository.go:104.18,106.40 2 1
github.com/gogazub/myapp/internal/repository/db-repository.go:106.40,108.4 1 0
github.com/gogazub/myapp/internal/repository/db-repository.go:111.3,112.17 2 1
github.com/gogazub/myapp/internal/repository/db-repository.go:112.17,114.4 1 0
github.com/gogazub/myapp/internal/repository/db-repository.go:116.3,116.33 1 1
github.com/gogazub/myapp/internal/repository/db-repository.go:119.2,119.35 1 1
github.com/gogazub/myapp/internal/repository/db-repository.go:119.35,121.3 1 0
github.com/gogazub/myapp/internal/repository/db-repository.go:122.2,122.20 1 1
github.com/gogazub/myapp/internal/repository/db-repository.go:129.68,149.16 2 1
github.com/gogazub/myapp/internal/repository/db-repository.go:149.16,151.3 1 1
github.com/gogazub/myapp/internal/repository/db-repository.go:152.2,152.12 1 1
github.com/gogazub/myapp/internal/repository/db-repository.go:155.88,163.2 1 1
github.com/gogazub/myapp/internal/repository/db-repository.go:169.71,184.16 2 1
github.com/gogazub/myapp/internal/repository/db-repository.go:184.16,186.3 1 0
github.com/gogazub/myapp/internal/repository/db-repository.go:187.2,187.12 1 1
github.com/gogazub/myapp/internal/repository/db-repository.go:190.80,197.2 1 1
github.com/gogazub/myapp/internal/repository/db-repository.go:203.70,223.16 2 1
github.com/gogazub/myapp/internal/repository/db-repository.go:223.16,225.3 1 0
github.com/gogazub/myapp/internal/repository/db-repository.go:226.2,226.12 1 1
github.com/gogazub/myapp/internal/repository/db-repository.go:229.79,238.2 1 1
github.com/gogazub/myapp/internal/repository/db-repository.go:244.68,246.16 2 1
github.com/gogazub/myapp/internal/repository/db-repository.go:246.16,248.3 1 0
github.com/gogazub/myapp/internal/repository/db-repository.go:250.2,250.29 1 1
github.com/gogazub/myapp/internal/repository/db-repository.go:250.29,257.17 2 1
github.com/gogazub/myapp/internal/repository/db-repository.go:257.17,259.4 1 0
github.com/gogazub/myapp/internal/repository/db-repository.go:261.2,261.12 1 1
github.com/gogazub/myapp/internal/repository/db-repository.go:264.77,270.16 2 1
github.com/gogazub/myapp/internal/repository/db-repository.go:270.16,272.3 1 0
github.com/gogazub/myapp/internal/repository/db-repository.go:273.2,273.15 1 1
github.com/gogazub/myapp/internal/repository/db-repository.go:273.15,275.17 2 1
github.com/gogazub/myapp/internal/repository/db-repository.go:275.17,277.4 1 0
github.com/gogazub/myapp/internal/repository/db-repository.go:280.2,280.18 1 1
github.com/gogazub/myapp/internal/repository/db-repository.go:280.18,283.104 2 1
github.com/gogazub/myapp/internal/repository/db-repository.go:283.104,285.4 1 0
github.com/gogazub/myapp/internal/repository/db-repository.go:286.3,286.32 1 1
github.com/gogazub/myapp/internal/repository/db-repository.go:288.2,288.12 1 1
github.com/gogazub/myapp/internal/service/service.go:25.88,30.2 1 1
github.com/gogazub/myapp/internal/service/service.go:33.76,34.52 1 1
github.com/gogazub/myapp/internal/service/service.go:34.52,36.3 1 1
github.com/gogazub/myapp/internal/service/service.go:37.2,37.53 1 1
github.com/gogazub/myapp/internal/service/service.go:37.53,39.3 1 1
github.com/gogazub/myapp/internal/service/service.go:40.2,40.12 1 1
github.com/gogazub/myapp/internal/service/service.go:44.86,46.16 2 1
github.com/gogazub/myapp/internal/service/service.go:46.16,48.3 1 1
github.com/gogazub/myapp/internal/service/service.go:49.2,50.16 2 1
github.com/gogazub/myapp/internal/service/service.go:50.16,51.19 1 1
github.com/gogazub/myapp/internal/service/service.go:51.19,53.18 2 1
github.com/gogazub/myapp/internal/service/service.go:53.18,55.5 1 1
github.com/gogazub/myapp/internal/service/service.go:58.2,58.19 1 1
github.com/gogazub/myapp/tests/test.go:27.80,30.2 2 1
github.com/gogazub/myapp/tests/test.go:33.90,36.2 2 0
github.com/gogazub/myapp/tests/test.go:46.74,48.2 1 0
github.com/gogazub/myapp/tests/test.go:51.87,53.2 1 0
github.com/gogazub/myapp/tests/test.go:64.76,66.2 1 0
github.com/gogazub/myapp/tests/test.go:69.36,71.2 1 1
github.com/gogazub/myapp/tests/test.go:76.40,78.2 1 1
github.com/gogazub/myapp/tests/test.go:81.45,121.2 2 1
github.com/gogazub/myapp/tests/test.go:123.52,125.27 2 1
github.com/gogazub/myapp/tests/test.go:125.27,127.3 1 1
github.com/gogazub/myapp/tests/test.go:128.2,129.12 2 1
github.com/gogazub/myapp/tests/test.go:133.29,135.12 2 1
github.com/gogazub/myapp/tests/test.go:135.12,137.3 1 1
github.com/gogazub/myapp/tests/test.go:138.2,140.12 3 1
github.com/gogazub/myapp/tests/test.go:140.12,144.3 3 1
github.com/gogazub/myapp/tests/test.go:145.2,145.24 1 1
github.com/gogazub/myapp/tests/test.go:149.43,154.2 4 1
