mode: set
github.com/gogazub/myapp/internal/consumer/consumer.go:41.66,48.2 1 1
github.com/gogazub/myapp/internal/consumer/consumer.go:50.47,53.6 2 0
github.com/gogazub/myapp/internal/consumer/consumer.go:53.6,54.10 1 0
github.com/gogazub/myapp/internal/consumer/consumer.go:55.21,57.10 2 0
github.com/gogazub/myapp/internal/consumer/consumer.go:58.11,60.18 2 0
github.com/gogazub/myapp/internal/consumer/consumer.go:60.18,62.13 2 0
github.com/gogazub/myapp/internal/consumer/consumer.go:65.4,65.53 1 0
github.com/gogazub/myapp/internal/consumer/consumer.go:65.53,67.5 1 0
github.com/gogazub/myapp/internal/consumer/consumer.go:73.81,80.47 5 1
github.com/gogazub/myapp/internal/consumer/consumer.go:80.47,82.3 1 1
github.com/gogazub/myapp/internal/consumer/consumer.go:86.2,86.49 1 1
github.com/gogazub/myapp/internal/consumer/consumer.go:86.49,88.3 1 1
github.com/gogazub/myapp/internal/consumer/consumer.go:90.2,92.57 2 1
github.com/gogazub/myapp/internal/consumer/consumer.go:92.57,94.3 1 1
github.com/gogazub/myapp/internal/consumer/consumer.go:96.2,97.12 2 1
github.com/gogazub/myapp/internal/consumer/consumer.go:100.34,102.2 1 1
github.com/gogazub/myapp/internal/consumer/consumer.go:104.85,106.2 1 1
github.com/gogazub/myapp/internal/repository/cache-repository.go:35.44,41.2 2 1
github.com/gogazub/myapp/internal/repository/cache-repository.go:44.65,47.16 2 0
github.com/gogazub/myapp/internal/repository/cache-repository.go:47.16,51.3 1 0
github.com/gogazub/myapp/internal/repository/cache-repository.go:51.8,52.32 1 0
github.com/gogazub/myapp/internal/repository/cache-repository.go:52.32,55.35 2 0
github.com/gogazub/myapp/internal/repository/cache-repository.go:55.35,56.10 1 0
github.com/gogazub/myapp/internal/repository/cache-repository.go:63.79,64.34 1 1
github.com/gogazub/myapp/internal/repository/cache-repository.go:64.34,66.3 1 0
github.com/gogazub/myapp/internal/repository/cache-repository.go:68.2,71.44 3 1
github.com/gogazub/myapp/internal/repository/cache-repository.go:71.44,75.3 2 1
github.com/gogazub/myapp/internal/repository/cache-repository.go:75.8,80.3 2 1
github.com/gogazub/myapp/internal/repository/cache-repository.go:81.2,81.34 1 1
github.com/gogazub/myapp/internal/repository/cache-repository.go:81.34,83.19 2 1
github.com/gogazub/myapp/internal/repository/cache-repository.go:83.19,84.9 1 0
github.com/gogazub/myapp/internal/repository/cache-repository.go:86.3,88.23 3 1
github.com/gogazub/myapp/internal/repository/cache-repository.go:90.2,90.12 1 1
github.com/gogazub/myapp/internal/repository/cache-repository.go:94.89,95.34 1 1
github.com/gogazub/myapp/internal/repository/cache-repository.go:95.34,97.3 1 1
github.com/gogazub/myapp/internal/repository/cache-repository.go:99.2,103.13 4 1
github.com/gogazub/myapp/internal/repository/cache-repository.go:103.13,105.3 1 1
github.com/gogazub/myapp/internal/repository/cache-repository.go:107.2,108.23 2 1
github.com/gogazub/myapp/internal/repository/cache-repository.go:111.79,113.34 1 1
github.com/gogazub/myapp/internal/repository/cache-repository.go:113.34,115.3 1 1
github.com/gogazub/myapp/internal/repository/cache-repository.go:117.2,124.32 5 1
github.com/gogazub/myapp/internal/repository/cache-repository.go:124.32,125.18 1 1
github.com/gogazub/myapp/internal/repository/cache-repository.go:125.18,126.36 1 1
github.com/gogazub/myapp/internal/repository/cache-repository.go:126.36,128.5 1 0
github.com/gogazub/myapp/internal/repository/cache-repository.go:130.3,131.6 2 1
github.com/gogazub/myapp/internal/repository/cache-repository.go:133.2,133.20 1 1
github.com/gogazub/myapp/internal/repository/cache-repository.go:136.38,140.2 3 1
github.com/gogazub/myapp/internal/repository/cache-repository.go:143.46,144.25 1 0
github.com/gogazub/myapp/internal/repository/cache-repository.go:144.25,146.19 2 0
github.com/gogazub/myapp/internal/repository/cache-repository.go:146.19,148.4 1 0
github.com/gogazub/myapp/internal/repository/cache-repository.go:149.3,151.23 3 0
github.com/gogazub/myapp/internal/repository/db-repository.go:21.51,23.2 1 0
github.com/gogazub/myapp/internal/repository/db-repository.go:26.76,29.16 2 0
github.com/gogazub/myapp/internal/repository/db-repository.go:29.16,31.3 1 0
github.com/gogazub/myapp/internal/repository/db-repository.go:32.2,34.47 2 0
github.com/gogazub/myapp/internal/repository/db-repository.go:34.47,36.3 1 0
github.com/gogazub/myapp/internal/repository/db-repository.go:37.2,37.50 1 0
github.com/gogazub/myapp/internal/repository/db-repository.go:37.50,39.3 1 0
github.com/gogazub/myapp/internal/repository/db-repository.go:40.2,40.49 1 0
github.com/gogazub/myapp/internal/repository/db-repository.go:40.49,42.3 1 0
github.com/gogazub/myapp/internal/repository/db-repository.go:43.2,43.47 1 0
github.com/gogazub/myapp/internal/repository/db-repository.go:43.47,45.3 1 0
github.com/gogazub/myapp/internal/repository/db-repository.go:47.2,47.20 1 0
github.com/gogazub/myapp/internal/repository/db-repository.go:51.86,54.53 2 0
github.com/gogazub/myapp/internal/repository/db-repository.go:54.53,56.3 1 0
github.com/gogazub/myapp/internal/repository/db-repository.go:57.2,57.52 1 0
github.com/gogazub/myapp/internal/repository/db-repository.go:57.52,59.3 1 0
github.com/gogazub/myapp/internal/repository/db-repository.go:60.2,60.51 1 0
github.com/gogazub/myapp/internal/repository/db-repository.go:60.51,62.3 1 0
github.com/gogazub/myapp/internal/repository/db-repository.go:63.2,63.49 1 0
github.com/gogazub/myapp/internal/repository/db-repository.go:63.49,65.3 1 0
github.com/gogazub/myapp/internal/repository/db-repository.go:66.2,66.34 1 0
github.com/gogazub/myapp/internal/repository/db-repository.go:66.34,68.3 1 0
github.com/gogazub/myapp/internal/repository/db-repository.go:70.2,70.20 1 0
github.com/gogazub/myapp/internal/repository/db-repository.go:73.76,75.16 2 0
github.com/gogazub/myapp/internal/repository/db-repository.go:75.16,77.3 1 0
github.com/gogazub/myapp/internal/repository/db-repository.go:78.2,82.18 3 0
github.com/gogazub/myapp/internal/repository/db-repository.go:82.18,84.40 2 0
github.com/gogazub/myapp/internal/repository/db-repository.go:84.40,86.4 1 0
github.com/gogazub/myapp/internal/repository/db-repository.go:89.3,90.17 2 0
github.com/gogazub/myapp/internal/repository/db-repository.go:90.17,92.4 1 0
github.com/gogazub/myapp/internal/repository/db-repository.go:94.3,94.33 1 0
github.com/gogazub/myapp/internal/repository/db-repository.go:97.2,97.35 1 0
github.com/gogazub/myapp/internal/repository/db-repository.go:97.35,99.3 1 0
github.com/gogazub/myapp/internal/repository/db-repository.go:100.2,100.20 1 0
github.com/gogazub/myapp/internal/repository/db-repository.go:107.68,127.16 2 0
github.com/gogazub/myapp/internal/repository/db-repository.go:127.16,129.3 1 0
github.com/gogazub/myapp/internal/repository/db-repository.go:130.2,130.12 1 0
github.com/gogazub/myapp/internal/repository/db-repository.go:133.88,141.2 1 0
github.com/gogazub/myapp/internal/repository/db-repository.go:147.71,162.16 2 0
github.com/gogazub/myapp/internal/repository/db-repository.go:162.16,164.3 1 0
github.com/gogazub/myapp/internal/repository/db-repository.go:165.2,165.12 1 0
github.com/gogazub/myapp/internal/repository/db-repository.go:168.80,175.2 1 0
github.com/gogazub/myapp/internal/repository/db-repository.go:181.70,201.16 2 0
github.com/gogazub/myapp/internal/repository/db-repository.go:201.16,203.3 1 0
github.com/gogazub/myapp/internal/repository/db-repository.go:204.2,204.12 1 0
github.com/gogazub/myapp/internal/repository/db-repository.go:207.79,216.2 1 0
github.com/gogazub/myapp/internal/repository/db-repository.go:222.68,224.16 2 0
github.com/gogazub/myapp/internal/repository/db-repository.go:224.16,226.3 1 0
github.com/gogazub/myapp/internal/repository/db-repository.go:228.2,228.29 1 0
github.com/gogazub/myapp/internal/repository/db-repository.go:228.29,235.17 2 0
github.com/gogazub/myapp/internal/repository/db-repository.go:235.17,237.4 1 0
github.com/gogazub/myapp/internal/repository/db-repository.go:239.2,239.12 1 0
github.com/gogazub/myapp/internal/repository/db-repository.go:242.77,248.16 2 0
github.com/gogazub/myapp/internal/repository/db-repository.go:248.16,250.3 1 0
github.com/gogazub/myapp/internal/repository/db-repository.go:251.2,253.18 2 0
github.com/gogazub/myapp/internal/repository/db-repository.go:253.18,256.104 2 0
github.com/gogazub/myapp/internal/repository/db-repository.go:256.104,258.4 1 0
github.com/gogazub/myapp/internal/repository/db-repository.go:259.3,259.32 1 0
github.com/gogazub/myapp/internal/repository/db-repository.go:261.2,261.12 1 0
github.com/gogazub/myapp/internal/service/service.go:21.88,26.2 1 0
github.com/gogazub/myapp/internal/service/service.go:29.76,30.52 1 0
github.com/gogazub/myapp/internal/service/service.go:30.52,32.3 1 0
github.com/gogazub/myapp/internal/service/service.go:33.2,33.53 1 0
github.com/gogazub/myapp/internal/service/service.go:33.53,35.3 1 0
github.com/gogazub/myapp/internal/service/service.go:36.2,36.12 1 0
github.com/gogazub/myapp/internal/service/service.go:40.86,42.16 2 0
github.com/gogazub/myapp/internal/service/service.go:42.16,44.3 1 0
github.com/gogazub/myapp/internal/service/service.go:45.2,46.16 2 0
github.com/gogazub/myapp/internal/service/service.go:46.16,47.19 1 0
github.com/gogazub/myapp/internal/service/service.go:47.19,49.4 1 0
github.com/gogazub/myapp/internal/service/service.go:51.2,51.19 1 0
github.com/gogazub/myapp/tests/test.go:23.80,26.2 2 1
github.com/gogazub/myapp/tests/test.go:27.90,30.2 2 0
github.com/gogazub/myapp/tests/test.go:37.80,39.2 1 0
github.com/gogazub/myapp/tests/test.go:40.90,42.2 1 0
github.com/gogazub/myapp/tests/test.go:51.78,53.2 1 0
github.com/gogazub/myapp/tests/test.go:54.36,56.2 1 1
github.com/gogazub/myapp/tests/test.go:60.40,62.2 1 1
github.com/gogazub/myapp/tests/test.go:64.45,104.2 2 1
github.com/gogazub/myapp/tests/test.go:106.52,108.27 2 1
github.com/gogazub/myapp/tests/test.go:108.27,110.3 1 1
github.com/gogazub/myapp/tests/test.go:111.2,112.12 2 1
github.com/gogazub/myapp/tests/test.go:116.29,118.12 2 1
github.com/gogazub/myapp/tests/test.go:118.12,120.3 1 1
github.com/gogazub/myapp/tests/test.go:121.2,123.12 3 1
github.com/gogazub/myapp/tests/test.go:123.12,127.3 3 1
github.com/gogazub/myapp/tests/test.go:128.2,128.24 1 1
github.com/gogazub/myapp/tests/test.go:132.43,137.2 4 1
